<?xml version="1.0" encoding="UTF-8"?>
<!DOCTYPE mapper PUBLIC "-//mybatis.org//DTD Mapper 3.0//EN" "http://mybatis.org/dtd/mybatis-3-mapper.dtd">
<mapper namespace="com.koscom.enkore.repository.TestDao">

    <select id="testDao" resultType="HashMap">
        select * from users;
    </select>

    <insert id="testInsertDao" parameterType="HashMap">
        insert into users
        values (
          7
        , '홍길남'
        , 'NORMAL'
        , 'ACTIVE'
        )
    </insert>
</mapper>
